<?xml version="1.0" encoding="UTF-8"?>
<!-- Generated by org.testng.reporters.JUnitReportReporter -->
<testsuite hostname="LAPTOP-5HE953J4" failures="0" tests="1" name="restAssured.DummyRestApi" time="2.547" errors="0" timestamp="2024-06-28T14:12:00 IST" skipped="0">
  <testcase classname="restAssured.DummyRestApi" name="deleteemployee" time="2.547"/>
  <system-out/>
</testsuite> <!-- restAssured.DummyRestApi -->
